<?xml version="1.0" encoding="UTF-8"?>
<testsuite xmlns:xsi="http://www.w3.org/2001/XMLSchema-instance" xsi:noNamespaceSchemaLocation="https://maven.apache.org/surefire/maven-surefire-plugin/xsd/surefire-test-report-3.0.xsd" version="3.0" name="com.bootcamp.AprendiendoSpringApplicationTests" time="4.141" tests="1" errors="0" skipped="0" failures="0">
  <properties>
[...]
</properties>
  <testcase name="contextLoads" classname="com.bootcamp.AprendiendoSpringApplicationTests" time="0.37">
    <system-out><![CDATA[15:07:59.513 [main] INFO org.springframework.test.context.support.AnnotationConfigContextLoaderUtils -- Could not detect default configuration classes for test class [com.bootcamp.AprendiendoSpringApplicationTests]: AprendiendoSpringApplicationTests does not declare any static, non-private, non-final, nested classes annotated with @Configuration.
15:07:59.593 [main] INFO org.springframework.boot.test.context.SpringBootTestContextBootstrapper -- Found @SpringBootConfiguration com.bootcamp.AprendiendoSpringApplication for test class com.bootcamp.AprendiendoSpringApplicationTests

  .   ____          _            __ _ _
 /\\ / ___'_ __ _ _(_)_ __  __ _ \ \ \ \
( ( )\___ | '_ | '_| | '_ \/ _` | \ \ \ \
 \\/  ___)| |_)| | | | | || (_| |  ) ) ) )
  '  |____| .__|_| |_|_| |_\__, | / / / /
 =========|_|==============|___/=/_/_/_/
 :: Spring Boot ::                (v3.1.1)

2023-07-29T15:07:59.881-05:00  INFO 21016 --- [           main] c.b.AprendiendoSpringApplicationTests    : Starting AprendiendoSpringApplicationTests using Java 19.0.1 with PID 21016 (started by Programador B in C:\Cursos\Bootcamp Nico\Fase2Spring\Spring\Clonando repo\EstudiandoPrimerProyectoSpring\aprendiendo-spring)
2023-07-29T15:07:59.882-05:00  INFO 21016 --- [           main] c.b.AprendiendoSpringApplicationTests    : No active profile set, falling back to 1 default profile: "default"
2023-07-29T15:08:00.332-05:00  INFO 21016 --- [           main] .s.d.r.c.RepositoryConfigurationDelegate : Bootstrapping Spring Data JPA repositories in DEFAULT mode.
2023-07-29T15:08:00.378-05:00  INFO 21016 --- [           main] .s.d.r.c.RepositoryConfigurationDelegate : Finished Spring Data repository scanning in 40 ms. Found 4 JPA repository interfaces.
2023-07-29T15:08:00.763-05:00  INFO 21016 --- [           main] o.hibernate.jpa.internal.util.LogHelper  : HHH000204: Processing PersistenceUnitInfo [name: default]
2023-07-29T15:08:00.812-05:00  INFO 21016 --- [           main] org.hibernate.Version                    : HHH000412: Hibernate ORM core version 6.2.5.Final
2023-07-29T15:08:00.814-05:00  INFO 21016 --- [           main] org.hibernate.cfg.Environment            : HHH000406: Using bytecode reflection optimizer
2023-07-29T15:08:00.973-05:00  INFO 21016 --- [           main] o.h.b.i.BytecodeProviderInitiator        : HHH000021: Bytecode provider name : bytebuddy
2023-07-29T15:08:01.084-05:00  INFO 21016 --- [           main] o.s.o.j.p.SpringPersistenceUnitInfo      : No LoadTimeWeaver setup: ignoring JPA class transformer
2023-07-29T15:08:01.098-05:00  INFO 21016 --- [           main] com.zaxxer.hikari.HikariDataSource       : HikariPool-1 - Starting...
2023-07-29T15:08:01.309-05:00  INFO 21016 --- [           main] com.zaxxer.hikari.pool.HikariPool        : HikariPool-1 - Added connection org.postgresql.jdbc.PgConnection@66b0e207
2023-07-29T15:08:01.311-05:00  INFO 21016 --- [           main] com.zaxxer.hikari.HikariDataSource       : HikariPool-1 - Start completed.
2023-07-29T15:08:01.620-05:00  INFO 21016 --- [           main] o.h.b.i.BytecodeProviderInitiator        : HHH000021: Bytecode provider name : bytebuddy
2023-07-29T15:08:02.202-05:00  INFO 21016 --- [           main] o.h.e.t.j.p.i.JtaPlatformInitiator       : HHH000490: Using JtaPlatform implementation: [org.hibernate.engine.transaction.jta.platform.internal.NoJtaPlatform]
Hibernate: 
    alter table if exists estudiante 
       drop constraint if exists FKadetxs598rmh1y4g34qhwnw66
2023-07-29T15:08:02.217-05:00  WARN 21016 --- [           main] o.h.engine.jdbc.spi.SqlExceptionHelper   : SQL Warning Code: 0, SQLState: 00000
2023-07-29T15:08:02.217-05:00  WARN 21016 --- [           main] o.h.engine.jdbc.spi.SqlExceptionHelper   : no existe la relación «estudiante», omitiendo
Hibernate: 
    alter table if exists inscripciones 
       drop constraint if exists FKagu4276rdflno7y2qj9cktgrd
2023-07-29T15:08:02.218-05:00  WARN 21016 --- [           main] o.h.engine.jdbc.spi.SqlExceptionHelper   : SQL Warning Code: 0, SQLState: 00000
2023-07-29T15:08:02.218-05:00  WARN 21016 --- [           main] o.h.engine.jdbc.spi.SqlExceptionHelper   : no existe la relación «inscripciones», omitiendo
Hibernate: 
    alter table if exists inscripciones 
       drop constraint if exists FKe1bjf4osl2wicgmrwg84v8524
2023-07-29T15:08:02.218-05:00  WARN 21016 --- [           main] o.h.engine.jdbc.spi.SqlExceptionHelper   : SQL Warning Code: 0, SQLState: 00000
2023-07-29T15:08:02.218-05:00  WARN 21016 --- [           main] o.h.engine.jdbc.spi.SqlExceptionHelper   : no existe la relación «inscripciones», omitiendo
Hibernate: 
    alter table if exists libro 
       drop constraint if exists FKgiodetoccxr0na6ddehdkps9d
2023-07-29T15:08:02.218-05:00  WARN 21016 --- [           main] o.h.engine.jdbc.spi.SqlExceptionHelper   : SQL Warning Code: 0, SQLState: 00000
2023-07-29T15:08:02.218-05:00  WARN 21016 --- [           main] o.h.engine.jdbc.spi.SqlExceptionHelper   : no existe la relación «libro», omitiendo
Hibernate: 
    drop table if exists cuenta_bancaria cascade
2023-07-29T15:08:02.219-05:00  WARN 21016 --- [           main] o.h.engine.jdbc.spi.SqlExceptionHelper   : SQL Warning Code: 0, SQLState: 00000
2023-07-29T15:08:02.219-05:00  WARN 21016 --- [           main] o.h.engine.jdbc.spi.SqlExceptionHelper   : la tabla «cuenta_bancaria» no existe, omitiendo
Hibernate: 
    drop table if exists estudiante cascade
2023-07-29T15:08:02.219-05:00  WARN 21016 --- [           main] o.h.engine.jdbc.spi.SqlExceptionHelper   : SQL Warning Code: 0, SQLState: 00000
2023-07-29T15:08:02.219-05:00  WARN 21016 --- [           main] o.h.engine.jdbc.spi.SqlExceptionHelper   : la tabla «estudiante» no existe, omitiendo
Hibernate: 
    drop table if exists inscripciones cascade
2023-07-29T15:08:02.219-05:00  WARN 21016 --- [           main] o.h.engine.jdbc.spi.SqlExceptionHelper   : SQL Warning Code: 0, SQLState: 00000
2023-07-29T15:08:02.219-05:00  WARN 21016 --- [           main] o.h.engine.jdbc.spi.SqlExceptionHelper   : la tabla «inscripciones» no existe, omitiendo
Hibernate: 
    drop table if exists libro cascade
2023-07-29T15:08:02.220-05:00  WARN 21016 --- [           main] o.h.engine.jdbc.spi.SqlExceptionHelper   : SQL Warning Code: 0, SQLState: 00000
2023-07-29T15:08:02.220-05:00  WARN 21016 --- [           main] o.h.engine.jdbc.spi.SqlExceptionHelper   : la tabla «libro» no existe, omitiendo
Hibernate: 
    drop table if exists materia cascade
2023-07-29T15:08:02.220-05:00  WARN 21016 --- [           main] o.h.engine.jdbc.spi.SqlExceptionHelper   : SQL Warning Code: 0, SQLState: 00000
2023-07-29T15:08:02.220-05:00  WARN 21016 --- [           main] o.h.engine.jdbc.spi.SqlExceptionHelper   : la tabla «materia» no existe, omitiendo
Hibernate: 
    drop sequence if exists sequence_cuenta
2023-07-29T15:08:02.220-05:00  WARN 21016 --- [           main] o.h.engine.jdbc.spi.SqlExceptionHelper   : SQL Warning Code: 0, SQLState: 00000
2023-07-29T15:08:02.221-05:00  WARN 21016 --- [           main] o.h.engine.jdbc.spi.SqlExceptionHelper   : la secuencia «sequence_cuenta» no existe, omitiendo
Hibernate: 
    drop sequence if exists sequence_estudiante
2023-07-29T15:08:02.221-05:00  WARN 21016 --- [           main] o.h.engine.jdbc.spi.SqlExceptionHelper   : SQL Warning Code: 0, SQLState: 00000
2023-07-29T15:08:02.221-05:00  WARN 21016 --- [           main] o.h.engine.jdbc.spi.SqlExceptionHelper   : la secuencia «sequence_estudiante» no existe, omitiendo
Hibernate: 
    drop sequence if exists sequence_libro
2023-07-29T15:08:02.221-05:00  WARN 21016 --- [           main] o.h.engine.jdbc.spi.SqlExceptionHelper   : SQL Warning Code: 0, SQLState: 00000
2023-07-29T15:08:02.221-05:00  WARN 21016 --- [           main] o.h.engine.jdbc.spi.SqlExceptionHelper   : la secuencia «sequence_libro» no existe, omitiendo
Hibernate: 
    drop sequence if exists sequence_materia
2023-07-29T15:08:02.221-05:00  WARN 21016 --- [           main] o.h.engine.jdbc.spi.SqlExceptionHelper   : SQL Warning Code: 0, SQLState: 00000
2023-07-29T15:08:02.222-05:00  WARN 21016 --- [           main] o.h.engine.jdbc.spi.SqlExceptionHelper   : la secuencia «sequence_materia» no existe, omitiendo
Hibernate: 
    create sequence sequence_cuenta start with 1 increment by 50
Hibernate: 
    create sequence sequence_estudiante start with 1 increment by 50
Hibernate: 
    create sequence sequence_libro start with 1 increment by 50
Hibernate: 
    create sequence sequence_materia start with 1 increment by 50
Hibernate: 
    create table cuenta_bancaria (
        id_cuenta bigint not null,
        numero_cuenta bigint not null unique,
        banco varchar(255),
        titular varchar(255),
        primary key (id_cuenta)
    )
Hibernate: 
    create table estudiante (
        fecha_nacimiento date,
        id_cuenta bigint unique,
        id_estudiante bigint not null,
        primer_nombre varchar(300) not null,
        email varchar(255) not null unique,
        primer_apellido varchar(255),
        segundo_apellido varchar(255),
        segundo_nombre varchar(255),
        primary key (id_estudiante)
    )
Hibernate: 
    create table inscripciones (
        estudiante_id bigint not null,
        materia_id bigint not null
    )
Hibernate: 
    create table libro (
        estudiante_id bigint,
        id_libro bigint not null,
        autor varchar(255),
        titulo varchar(255),
        primary key (id_libro)
    )
Hibernate: 
    create table materia (
        creditos integer,
        id_materia bigint not null,
        nombre varchar(255),
        primary key (id_materia)
    )
Hibernate: 
    alter table if exists estudiante 
       add constraint FKadetxs598rmh1y4g34qhwnw66 
       foreign key (id_cuenta) 
       references cuenta_bancaria
Hibernate: 
    alter table if exists inscripciones 
       add constraint FKagu4276rdflno7y2qj9cktgrd 
       foreign key (materia_id) 
       references materia
Hibernate: 
    alter table if exists inscripciones 
       add constraint FKe1bjf4osl2wicgmrwg84v8524 
       foreign key (estudiante_id) 
       references estudiante
Hibernate: 
    alter table if exists libro 
       add constraint FKgiodetoccxr0na6ddehdkps9d 
       foreign key (estudiante_id) 
       references estudiante
2023-07-29T15:08:02.262-05:00  INFO 21016 --- [           main] j.LocalContainerEntityManagerFactoryBean : Initialized JPA EntityManagerFactory for persistence unit 'default'
2023-07-29T15:08:02.595-05:00  INFO 21016 --- [           main] o.s.d.j.r.query.QueryEnhancerFactory     : Hibernate is in classpath; If applicable, HQL parser will be used.
2023-07-29T15:08:02.695-05:00  WARN 21016 --- [           main] JpaBaseConfiguration$JpaWebConfiguration : spring.jpa.open-in-view is enabled by default. Therefore, database queries may be performed during view rendering. Explicitly configure spring.jpa.open-in-view to disable this warning
2023-07-29T15:08:02.775-05:00  INFO 21016 --- [           main] o.s.s.web.DefaultSecurityFilterChain     : Will secure any request with [org.springframework.security.web.session.DisableEncodeUrlFilter@30a5a58d, org.springframework.security.web.context.request.async.WebAsyncManagerIntegrationFilter@59cb10e0, org.springframework.security.web.context.SecurityContextHolderFilter@78e4fa1, org.springframework.security.web.header.HeaderWriterFilter@4ee19768, org.springframework.security.web.authentication.logout.LogoutFilter@54fffa5a, org.springframework.security.web.authentication.www.BasicAuthenticationFilter@63614cdd, org.springframework.security.web.savedrequest.RequestCacheAwareFilter@44f338ec, org.springframework.security.web.servletapi.SecurityContextHolderAwareRequestFilter@64acf8d2, org.springframework.security.web.authentication.AnonymousAuthenticationFilter@3d763ae5, org.springframework.security.web.access.ExceptionTranslationFilter@22561412, org.springframework.security.web.access.intercept.AuthorizationFilter@2082e0e4]
2023-07-29T15:08:03.141-05:00  WARN 21016 --- [           main] .s.s.UserDetailsServiceAutoConfiguration : 

Using generated security password: aa722eba-3e82-4ddd-a910-bf5dc59eed38

This generated password is for development use only. Your security configuration must be updated before running your application in production.

2023-07-29T15:08:03.159-05:00  INFO 21016 --- [           main] c.b.AprendiendoSpringApplicationTests    : Started AprendiendoSpringApplicationTests in 3.455 seconds (process running for 4.126)
]]></system-out>
  </testcase>
</testsuite>